<?xml version="1.0" encoding="UTF-8"?>
<robot generator="Robot 7.1.1 (Python 3.10.12 on linux)" generated="2024-11-13T17:22:42.161319" rpa="false" schemaversion="5">
<suite id="s1" name="Tests" source="/home/salonout/webcounter/src/tests">
<suite id="s1-s1" name="Increment" source="/home/salonout/webcounter/src/tests/increment.robot">
<kw name="Open And Configure Browser" owner="resource" type="SETUP">
<kw name="Set Selenium Speed" owner="SeleniumLibrary">
<arg>${DELAY}</arg>
<doc>Sets the delay that is waited after each Selenium command.</doc>
<status status="PASS" start="2024-11-13T17:22:42.237056" elapsed="0.000258"/>
</kw>
<kw name="Open Browser" owner="SeleniumLibrary">
<msg time="2024-11-13T17:22:42.237587" level="INFO">Opening browser 'chrome' to base url 'None'.</msg>
<msg time="2024-11-13T17:22:42.272649" level="WARN">The chromedriver version (130.0.6723.91) detected in PATH at /usr/bin/chromedriver might not be compatible with the detected chrome version (131.0.6778.69); currently, chromedriver 131.0.6778.69 is recommended for chrome 131.*, so it is advised to delete the driver in PATH and retry</msg>
<arg>browser=${BROWSER}</arg>
<doc>Opens a new browser instance to the optional ``url``.</doc>
<status status="PASS" start="2024-11-13T17:22:42.237438" elapsed="0.346560"/>
</kw>
<status status="PASS" start="2024-11-13T17:22:42.236570" elapsed="0.347616"/>
</kw>
<test id="s1-s1-t1" name="At start the counter is zero" line="7">
<kw name="Go To" owner="SeleniumLibrary">
<msg time="2024-11-13T17:22:42.584987" level="INFO">Opening url 'http://localhost:5001'</msg>
<arg>${HOME_URL}</arg>
<doc>Navigates the current browser window to the provided ``url``.</doc>
<status status="PASS" start="2024-11-13T17:22:42.584783" elapsed="0.535824"/>
</kw>
<kw name="Title Should Be" owner="SeleniumLibrary">
<msg time="2024-11-13T17:22:43.633258" level="INFO">Page title is 'Laskuri'.</msg>
<arg>Laskuri</arg>
<doc>Verifies that the current page title equals ``title``.</doc>
<status status="PASS" start="2024-11-13T17:22:43.121387" elapsed="0.512153"/>
</kw>
<kw name="Page Should Contain" owner="SeleniumLibrary">
<msg time="2024-11-13T17:22:44.662830" level="INFO">Current page contains text 'nappia painettu 0 kertaa'.</msg>
<arg>nappia painettu 0 kertaa</arg>
<doc>Verifies that current page contains ``text``.</doc>
<status status="PASS" start="2024-11-13T17:22:43.634044" elapsed="1.028980"/>
</kw>
<status status="PASS" start="2024-11-13T17:22:42.584294" elapsed="2.079108"/>
</test>
<test id="s1-s1-t2" name="When button pressed twice the counter is two" line="12">
<kw name="Go To" owner="SeleniumLibrary">
<msg time="2024-11-13T17:22:44.664502" level="INFO">Opening url 'http://localhost:5001'</msg>
<arg>${HOME_URL}</arg>
<doc>Navigates the current browser window to the provided ``url``.</doc>
<status status="PASS" start="2024-11-13T17:22:44.664257" elapsed="0.517305"/>
</kw>
<kw name="Click Button" owner="SeleniumLibrary">
<msg time="2024-11-13T17:22:45.183564" level="INFO">Clicking button 'Paina'.</msg>
<arg>Paina</arg>
<doc>Clicks the button identified by ``locator``.</doc>
<status status="PASS" start="2024-11-13T17:22:45.182539" elapsed="1.595924"/>
</kw>
<kw name="Click Button" owner="SeleniumLibrary">
<msg time="2024-11-13T17:22:46.780055" level="INFO">Clicking button 'Paina'.</msg>
<arg>Paina</arg>
<doc>Clicks the button identified by ``locator``.</doc>
<status status="PASS" start="2024-11-13T17:22:46.779403" elapsed="1.594560"/>
</kw>
<kw name="Page Should Contain" owner="SeleniumLibrary">
<msg time="2024-11-13T17:22:49.407454" level="INFO">Current page contains text 'nappia painettu 2 kertaa'.</msg>
<arg>nappia painettu 2 kertaa</arg>
<doc>Verifies that current page contains ``text``.</doc>
<status status="PASS" start="2024-11-13T17:22:48.375249" elapsed="1.032739"/>
</kw>
<status status="PASS" start="2024-11-13T17:22:44.663779" elapsed="4.745573"/>
</test>
<kw name="Close Browser" owner="SeleniumLibrary" type="TEARDOWN">
<doc>Closes the current browser.</doc>
<status status="PASS" start="2024-11-13T17:22:49.411552" elapsed="0.561981"/>
</kw>
<status status="PASS" start="2024-11-13T17:22:42.172035" elapsed="7.801706"/>
</suite>
<suite id="s1-s2" name="Reset" source="/home/salonout/webcounter/src/tests/reset.robot">
<kw name="Open And Configure Browser" owner="resource" type="SETUP">
<kw name="Set Selenium Speed" owner="SeleniumLibrary">
<arg>${DELAY}</arg>
<doc>Sets the delay that is waited after each Selenium command.</doc>
<status status="PASS" start="2024-11-13T17:22:49.979147" elapsed="0.000419"/>
</kw>
<kw name="Open Browser" owner="SeleniumLibrary">
<msg time="2024-11-13T17:22:49.981078" level="INFO">Opening browser 'chrome' to base url 'None'.</msg>
<msg time="2024-11-13T17:22:50.030648" level="WARN">The chromedriver version (130.0.6723.91) detected in PATH at /usr/bin/chromedriver might not be compatible with the detected chrome version (131.0.6778.69); currently, chromedriver 131.0.6778.69 is recommended for chrome 131.*, so it is advised to delete the driver in PATH and retry</msg>
<arg>browser=${BROWSER}</arg>
<doc>Opens a new browser instance to the optional ``url``.</doc>
<status status="PASS" start="2024-11-13T17:22:49.979802" elapsed="0.366418"/>
</kw>
<status status="PASS" start="2024-11-13T17:22:49.978738" elapsed="0.367603"/>
</kw>
<test id="s1-s2-t1" name="When Button pressed Counter is zero" line="7">
<kw name="Go To" owner="SeleniumLibrary">
<msg time="2024-11-13T17:22:50.346938" level="INFO">Opening url 'http://localhost:5001'</msg>
<arg>${HOME_URL}</arg>
<doc>Navigates the current browser window to the provided ``url``.</doc>
<status status="PASS" start="2024-11-13T17:22:50.346763" elapsed="0.540628"/>
</kw>
<kw name="Click Button" owner="SeleniumLibrary">
<msg time="2024-11-13T17:22:50.888989" level="INFO">Clicking button 'Paina'.</msg>
<arg>Paina</arg>
<doc>Clicks the button identified by ``locator``.</doc>
<status status="PASS" start="2024-11-13T17:22:50.888260" elapsed="1.607572"/>
</kw>
<kw name="Click Button" owner="SeleniumLibrary">
<msg time="2024-11-13T17:22:52.498123" level="INFO">Clicking button 'Nollaa'.</msg>
<arg>Nollaa</arg>
<doc>Clicks the button identified by ``locator``.</doc>
<status status="PASS" start="2024-11-13T17:22:52.497283" elapsed="1.582109"/>
</kw>
<kw name="Page Should Contain" owner="SeleniumLibrary">
<msg time="2024-11-13T17:22:55.113736" level="INFO">Current page contains text 'nappia painettu 0 kertaa'.</msg>
<arg>nappia painettu 0 kertaa</arg>
<doc>Verifies that current page contains ``text``.</doc>
<status status="PASS" start="2024-11-13T17:22:54.080653" elapsed="1.033709"/>
</kw>
<status status="PASS" start="2024-11-13T17:22:50.346420" elapsed="4.769007"/>
</test>
<kw name="Close Browser" owner="SeleniumLibrary" type="TEARDOWN">
<doc>Closes the current browser.</doc>
<status status="PASS" start="2024-11-13T17:22:55.117010" elapsed="0.560892"/>
</kw>
<status status="PASS" start="2024-11-13T17:22:49.974916" elapsed="5.703222"/>
</suite>
<status status="PASS" start="2024-11-13T17:22:42.161831" elapsed="13.517652"/>
</suite>
<statistics>
<total>
<stat pass="3" fail="0" skip="0">All Tests</stat>
</total>
<tag>
</tag>
<suite>
<stat pass="3" fail="0" skip="0" id="s1" name="Tests">Tests</stat>
<stat pass="2" fail="0" skip="0" id="s1-s1" name="Increment">Tests.Increment</stat>
<stat pass="1" fail="0" skip="0" id="s1-s2" name="Reset">Tests.Reset</stat>
</suite>
</statistics>
<errors>
<msg time="2024-11-13T17:22:42.272649" level="WARN">The chromedriver version (130.0.6723.91) detected in PATH at /usr/bin/chromedriver might not be compatible with the detected chrome version (131.0.6778.69); currently, chromedriver 131.0.6778.69 is recommended for chrome 131.*, so it is advised to delete the driver in PATH and retry</msg>
<msg time="2024-11-13T17:22:50.030648" level="WARN">The chromedriver version (130.0.6723.91) detected in PATH at /usr/bin/chromedriver might not be compatible with the detected chrome version (131.0.6778.69); currently, chromedriver 131.0.6778.69 is recommended for chrome 131.*, so it is advised to delete the driver in PATH and retry</msg>
</errors>
</robot>
